{
  "RSpec": {
    "coverage": {
      "/home/ashley/tic-tac-toe-rb/lib/tic_tac_toe.rb": [
        null,
        1,
        null,
        null,
        null,
        null,
        null,
        null,
        null,
        null,
        null,
        1,
        23,
        23,
        23,
        23,
        23,
        null,
        null,
        null,
        1,
        21,
        null,
        null,
        null,
        1,
        21,
        21,
        21,
        null,
        null,
        null,
        1,
        159,
        56,
        null,
        103,
        103,
        null,
        null,
        null,
        null,
        null,
        1,
        21,
        18,
        null,
        3,
        null,
        null,
        null,
        null,
        1,
        18,
        18,
        18,
        18,
        17,
        null,
        1,
        null,
        18,
        null,
        null,
        null,
        1,
        1,
        1,
        null,
        0,
        null,
        null,
        null,
        1,
        20,
        null,
        null,
        null,
        1,
        12,
        15,
        null,
        12,
        5,
        7,
        3,
        null,
        null,
        null,
        1,
        46,
        652,
        17,
        520,
        6,
        null,
        227,
        null,
        null,
        null,
        null,
        1,
        32,
        118,
        null,
        23,
        null,
        95,
        null,
        null,
        null,
        null,
        1,
        18,
        null,
        5,
        1,
        null,
        4,
        null,
        null,
        13,
        null,
        null,
        null,
        1,
        19,
        10,
        null,
        9,
        null,
        null,
        null,
        1,
        7,
        6,
        4,
        null,
        2,
        null,
        null,
        null
      ]
    },
    "timestamp": 1636527739
  }
}
